<?xml version="1.0" encoding="UTF-8"?>
<!-- Generated by org.testng.reporters.JUnitReportReporter -->
<testsuite hostname="DESKTOP-8OEUUGM" failures="0" tests="1" name="com.sel.generic.ReadDataFromXml" time="0.097" errors="0" timestamp="2025-05-28T11:56:24 IST" skipped="0">
  <testcase classname="com.sel.generic.ReadDataFromXml" name="Seleniun" time="0.097"/>
</testsuite> <!-- com.sel.generic.ReadDataFromXml -->
