<?xml version="1.0" encoding="UTF-8"?>
<!-- Generated by org.testng.reporters.JUnitReportReporter -->
<testsuite hostname="DESKTOP-8OEUUGM" failures="0" tests="1" name="com.sel.generic.CreateOrgCmd" time="20.337" errors="0" timestamp="2025-05-28T12:04:49 IST" skipped="0">
  <testcase classname="com.sel.generic.CreateOrgCmd" name="createOrg" time="20.337"/>
</testsuite> <!-- com.sel.generic.CreateOrgCmd -->
