<?xml version="1.0" encoding="UTF-8"?>
<!-- Generated by org.testng.reporters.JUnitReportReporter -->
<testsuite hostname="DESKTOP-8OEUUGM" failures="0" tests="1" name="com.sel.generic.JsonCrateOrg" time="29.702" errors="0" timestamp="2025-05-28T12:15:46 IST" skipped="0">
  <testcase classname="com.sel.generic.JsonCrateOrg" name="createOrg" time="29.702"/>
</testsuite> <!-- com.sel.generic.JsonCrateOrg -->
